. wbopendata, language(en - English) indicator(ag.agr.trac.no - A
&gt; gricultural machinery, tractors) clear



Metadata: ag.agr.trac.no

-----------------------------------------------------------------
    
    Name: Agricultural machinery, tractors
 
  ---------------------------------------------------------------
    
    Source: World Development Indicators
 
 ----------------------------------------------------------------
    
    Source Note: Agricultural machinery refers to the number of
    wheel and crawler tractors (excluding garden tractors) in
    use in agriculture at the end of the calendar year
    specified or during the first quarter of the following
    year.
 
 ----------------------------------------------------------------
    
    Source Organization: Food and Agriculture Organization,
    electronic files and web site.
 
 ----------------------------------------------------------------
    
      
    Topics: Agriculture &amp; Rural Development
 
 ----------------------------------------------------------------



. tab countryname in 1/10

                           Country Name |      Freq.     Percent 
&gt;        Cum.
----------------------------------------+------------------------
-----------
                            Afghanistan |          1       10.00 
&gt;       10.00
                                Albania |          1       10.00 
&gt;       20.00
                         American Samoa |          1       10.00 
&gt;       30.00
                                Andorra |          1       10.00 
&gt;       40.00
                                 Angola |          1       10.00 
&gt;       50.00
                             Arab World |          1       10.00 
&gt;       60.00
                              Argentina |          1       10.00 
&gt;       70.00
                                Armenia |          1       10.00 
&gt;       80.00
                                  Aruba |          1       10.00 
&gt;       90.00
                   United Arab Emirates |          1       10.00 
&gt;      100.00
----------------------------------------+------------------------
-----------
                                  Total |         10      100.00
