. wbopendata, indicator(si.pov.dday ) clear long



Metadata: si.pov.dday

-----------------------------------------------------------------------------------------------------------
    
    Name: Poverty headcount ratio at $1.90 a day (2011 PPP) (% of population)
 
  ---------------------------------------------------------------------------------------------------------
    
    Source: World Development Indicators
 
 ----------------------------------------------------------------------------------------------------------
    
    Source Note: Poverty headcount ratio at $1.90 a day is the percentage of the population living on
    less than $1.90 a day at 2011 international prices. As a result of revisions in PPP exchange rates,
    poverty rates for individual countries cannot be compared with poverty rates reported in earlier
    editions.
 
 ----------------------------------------------------------------------------------------------------------
    
    Source Organization: World Bank, Development Research Group. Data are based on primary household
    survey data obtained from government statistical agencies and World Bank country departments. Data
    for high-income economies are from the Luxembourg Income Study database. For more information and
    methodology, please see PovcalNet (http://iresearch.worldbank.org/PovcalNet/index.htm"}"}).
 
 ----------------------------------------------------------------------------------------------------------
    
      
    Topics: Poverty
 
 ----------------------------------------------------------------------------------------------------------
      
    Topics: Aid Effectiveness
 
 ----------------------------------------------------------------------------------------------------------
      
    Topics: Climate Change
 
 ----------------------------------------------------------------------------------------------------------



.    drop if  si_pov_dday == .
(13,710 observations deleted)

.    sort  countryname year

.    bysort  countryname : gen diff_pov = (si_pov_dday-si_pov_dday[_n-1])/(year-year[_n-1])
(175 missing values generated)

.    encode regioncode, gen(reg)

.    encode countryname, gen(reg2)

.    keep if region == "Aggregates"
(1,432 observations deleted)

.    alorenz diff_pov, gp points(20) xdecrease markvar(reg2)                    ///
&gt;        ytitle("Change in Poverty (p.p.)") xtitle("Proportion of regional episodes of poverty reduction (%
&gt; )")   ///
&gt;        legend(off) title("Poverty Reduction")                                            ///
&gt;        legend(off) note("Source: World Development Indicators using Azevedo, J.P. (2011) wbopendata: Stat
&gt; a module to " "access World Bank databases, Statistical Software Components S457234 Boston College Depart
&gt; ment of Economics.", size(*.7))
