. wbopendata, language(en - English) topics(2 - Aid Effectiveness) clear

. sum

    Variable |        Obs        Mean    Std. Dev.       Min        Max
-------------+---------------------------------------------------------
 countryname |          0
 countrycode |          0
    iso2code |          0
      region |          0
  regioncode |          0
-------------+---------------------------------------------------------
indicatorn~e |          0
indicatorc~e |          0
      yr1960 |      2,184    3.49e+08    1.97e+09  -8.01e+07   3.20e+10
      yr1961 |      2,287    4.07e+08    2.29e+09  -1.92e+08   3.84e+10
      yr1962 |      2,523    3.81e+08    2.21e+09  -6.32e+07   3.80e+10
-------------+---------------------------------------------------------
      yr1963 |      2,489    4.10e+08    2.40e+09  -1.80e+07   4.10e+10
      yr1964 |      2,614    4.00e+08    2.38e+09  -3.49e+08   4.04e+10
      yr1965 |      2,817    3.95e+08    2.42e+09  -5.78e+08   4.27e+10
      yr1966 |      2,868    3.92e+08    2.40e+09  -1.34e+08   4.19e+10
      yr1967 |      3,366    3.37e+08    2.28e+09  -1.01e+07   4.28e+10
-------------+---------------------------------------------------------
      yr1968 |      3,206    3.37e+08    2.16e+09   -9120000   3.94e+10
      yr1969 |      3,654    2.76e+08    1.87e+09  -1.34e+07   3.74e+10
      yr1970 |      4,303    2.48e+08    1.82e+09  -1.50e+07   3.95e+10
      yr1971 |      4,540    2.47e+08    1.85e+09  -1.50e+07   4.19e+10
      yr1972 |      4,931    2.25e+08    1.71e+09  -1.07e+07   4.05e+10
-------------+---------------------------------------------------------
      yr1973 |      4,824    2.71e+08    2.04e+09  -2.50e+07   4.69e+10
      yr1974 |      5,051    3.33e+08    2.53e+09  -3.50e+07   5.69e+10
      yr1975 |      5,209    3.85e+08    2.92e+09  -2.30e+07   6.47e+10
      yr1976 |      5,273    3.60e+08    2.73e+09  -4.10e+07   6.06e+10
      yr1977 |      5,748    3.31e+08    2.53e+09  -5.60e+07   5.82e+10
-------------+---------------------------------------------------------
      yr1978 |      5,441    3.93e+08    2.86e+09  -6.40e+07   6.79e+10
      yr1979 |      5,615    4.26e+08    2.98e+09  -7.18e+07   6.81e+10
      yr1980 |      5,903    4.53e+08    3.23e+09  -3.30e+07   7.48e+10
      yr1981 |      5,983    4.46e+08    3.17e+09  -3.10e+07   7.47e+10
      yr1982 |      6,293    4.08e+08    2.93e+09  -3.60e+07   6.94e+10
-------------+---------------------------------------------------------
      yr1983 |      6,108    4.01e+08    2.82e+09  -2.20e+07   6.68e+10
      yr1984 |      6,193    4.09e+08    2.93e+09  -4.98e+07   7.10e+10
      yr1985 |      6,229    4.37e+08    3.09e+09  -5.60e+07   7.46e+10
      yr1986 |      6,338    4.47e+08    3.04e+09  -3.60e+07   7.17e+10
      yr1987 |      6,630    4.42e+08    2.99e+09  -3.70e+07   6.85e+10
-------------+---------------------------------------------------------
      yr1988 |      6,476    4.72e+08    3.11e+09  -5.70e+07   6.84e+10
      yr1989 |      6,588    4.82e+08    3.21e+09  -7.60e+07   7.09e+10
      yr1990 |      7,371    5.48e+08    3.72e+09  -1.40e+08   8.13e+10
      yr1991 |      7,818    5.58e+08    3.76e+09  -9.02e+07   8.31e+10
      yr1992 |      8,331    4.91e+08    3.41e+09  -4.48e+08   7.74e+10
-------------+---------------------------------------------------------
      yr1993 |      8,292    4.54e+08    3.17e+09  -1.82e+08   7.33e+10
      yr1994 |      8,456    4.79e+08    3.34e+09  -1.14e+08   7.55e+10
      yr1995 |      8,587    4.49e+08    3.10e+09  -3.43e+08   6.66e+10
      yr1996 |      8,637    4.13e+08    2.89e+09  -4.83e+08   6.65e+10
      yr1997 |      8,851    3.61e+08    2.61e+09  -2.59e+08   6.40e+10
-------------+---------------------------------------------------------
      yr1998 |      8,670    3.95e+08    2.81e+09  -1.02e+08   6.85e+10
      yr1999 |      8,779    4.02e+08    2.87e+09  -1.58e+08   6.86e+10
      yr2000 |      9,145    3.71e+08    2.72e+09  -1.98e+08   6.90e+10
      yr2001 |      9,026    4.04e+08    2.97e+09  -1.32e+08   7.42e+10
      yr2002 |      9,360    4.39e+08    3.33e+09  -1.36e+08   8.56e+10
-------------+---------------------------------------------------------
      yr2003 |      9,154    5.12e+08    3.73e+09  -1.00e+09   8.65e+10
      yr2004 |      9,216    5.42e+08    3.94e+09  -3.19e+08   8.95e+10
      yr2005 |      9,252    7.46e+08    5.56e+09  -3.14e+08   1.15e+11
      yr2006 |      9,472    7.20e+08    5.40e+09  -4.54e+08   1.11e+11
      yr2007 |      9,778    6.30e+08    4.87e+09  -6.85e+08   1.08e+11
-------------+---------------------------------------------------------
      yr2008 |      9,591    7.17e+08    5.52e+09  -7.48e+08   1.26e+11
      yr2009 |      9,501    7.16e+08    5.62e+09  -5.13e+08   1.27e+11
      yr2010 |      9,528    7.32e+08    5.77e+09  -7.12e+08   1.31e+11
      yr2011 |      9,529    7.77e+08    6.08e+09  -6.17e+08   1.42e+11
      yr2012 |      9,944    7.14e+08    5.73e+09  -8.80e+08   1.34e+11
-------------+---------------------------------------------------------
      yr2013 |      9,823    7.93e+08    6.38e+09  -8.21e+08   1.51e+11
      yr2014 |      9,536    7.96e+08    6.49e+09  -1.19e+09   1.62e+11
      yr2015 |      9,610    7.70e+08    6.41e+09  -9.99e+08   1.53e+11
      yr2016 |      9,168    8.55e+08    6.87e+09  -1.21e+09   1.58e+11
      yr2017 |      1,187    1.06e+07    1.32e+08  -1.46e+07   2.49e+09
