. wbopendata, indicator(SP.POP.TOTL) long clear projection



Metadata: SP.POP.TOTL

---------------------------------------------------------------------------------------
    
    Name: Population, total
 
  -------------------------------------------------------------------------------------
    
    Source: World Development Indicators
 
 --------------------------------------------------------------------------------------
    
    Source Note: Total population is based on the de facto definition of population,
    which counts all residents regardless of legal status or citizenship. The values
    shown are midyear estimates.
 
 --------------------------------------------------------------------------------------
    
    Source Organization: (1) United Nations Population Division. World Population
    Prospects: 2019 Revision. (2) Census reports and other statistical publications
    from national statistical offices, (3) Eurostat: Demographic Statistics, (4)
    United Nations Statistical Division. Population and Vital Statistics Reprot
    (various years), (5) U.S. Census Bureau: International Database, and (6)
    Secretariat of the Pacific Community: Statistics and Demography Programme.
 
 --------------------------------------------------------------------------------------
    
      
    Topics: Climate Change
 
 --------------------------------------------------------------------------------------
      
    Topics: Health
 
 --------------------------------------------------------------------------------------



. 
. local ylabel = "`r(varlabel1)'"

. local yvar "`r(indicator)'"

. 
. replace sp_pop_totl = sp_pop_totl/1000000000
(23,210 real changes made)

. 
. format %16.2gc sp_pop_totl

. 
. graph twoway (line sp_pop_totl year if countryname == "World" &amp; year &lt;= 2019, xline(2
&gt; 019, lpattern(dot))) ///
&gt;                          (line sp_pop_totl year if countryname == "World" &amp; year &gt; 20
&gt; 19, lpattern(dash)) ///
&gt;                                         , legend(off) ytitle("`ylabel' [`yvar']" "(Es
&gt; timates and Projections in Billions)") ///
&gt;                                         note("Source: World Development Indicators, W
&gt; orld Bank")
