. wbopendata, country(chn - China) clear

. sum

    Variable |        Obs        Mean    Std. Dev.       Min        Max
-------------+---------------------------------------------------------
 countryname |          0
 countrycode |          0
    iso2code |          0
      region |          0
  regioncode |          0
-------------+---------------------------------------------------------
indicatorn~e |          0
indicatorc~e |          0
      yr1960 |        160    2.07e+10    9.56e+10  -3.57e+09   9.90e+11
      yr1961 |        202    1.33e+10    6.96e+10  -4.21e+09   7.20e+11
      yr1962 |        187    1.41e+10    7.11e+10  -1.49e+09   6.80e+11
-------------+---------------------------------------------------------
      yr1963 |        182    1.60e+10    7.97e+10  -4.56e+09   7.50e+11
      yr1964 |        182    1.86e+10    9.22e+10  -.3620385   8.86e+11
      yr1965 |        187    2.09e+10    1.04e+11          0   1.04e+12
      yr1966 |        184    2.35e+10    1.14e+11  -1.562071   1.15e+12
      yr1967 |        189    2.18e+10    1.10e+11    -160289   1.08e+12
-------------+---------------------------------------------------------
      yr1968 |        184    2.17e+10    1.08e+11       -9.2   1.04e+12
      yr1969 |        190    2.34e+10    1.17e+11  -3.792529   1.21e+12
      yr1970 |        438    1.21e+10    8.98e+10   -2.61457   1.45e+12
      yr1971 |        458    1.23e+10    9.29e+10  -.7906073   1.55e+12
      yr1972 |        463    1.27e+10    9.49e+10   -1081485   1.61e+12
-------------+---------------------------------------------------------
      yr1973 |        461    1.42e+10    1.03e+11  -1.114195   1.73e+12
      yr1974 |        477    1.42e+10    1.04e+11  -1.34e+09   1.77e+12
      yr1975 |        482    1.52e+10    1.11e+11  -4.40e+08   1.93e+12
      yr1976 |        486    1.47e+10    1.09e+11  -3.081322   1.89e+12
      yr1977 |        499    1.58e+10    1.14e+11     -47190   2.04e+12
-------------+---------------------------------------------------------
      yr1978 |        524    1.79e+10    1.27e+11  -1.98e+09   2.28e+12
      yr1979 |        548    1.90e+10    1.34e+11  -3.12e+09   2.45e+12
      yr1980 |        587    1.92e+10    1.38e+11  -2.78e+09   2.64e+12
      yr1981 |        589    2.05e+10    1.46e+11  -4.23e+08   2.78e+12
      yr1982 |        696    1.97e+10    1.48e+11  -8.79e+09   3.03e+12
-------------+---------------------------------------------------------
      yr1983 |        664    2.30e+10    1.67e+11  -7.41e+09   3.35e+12
      yr1984 |        679    2.64e+10    1.92e+11  -6.76e+09   3.86e+12
      yr1985 |        693    3.06e+10    2.17e+11  -3.68e+10   4.38e+12
      yr1986 |        689    3.38e+10    2.38e+11  -2.55e+10   4.77e+12
      yr1987 |        714    3.67e+10    2.63e+11  -1.22e+10   5.33e+12
-------------+---------------------------------------------------------
      yr1988 |        698    4.38e+10    3.00e+11  -1.97e+10   5.93e+12
      yr1989 |        708    4.91e+10    3.23e+11  -2.43e+10   6.18e+12
      yr1990 |        849    4.95e+10    3.23e+11  -2.42e+10   6.42e+12
      yr1991 |        821    5.79e+10    3.66e+11  -1.67e+10   7.01e+12
      yr1992 |        876    6.46e+10    4.15e+11  -1.82e+10   8.01e+12
-------------+---------------------------------------------------------
      yr1993 |        870    8.02e+10    5.07e+11  -9.46e+10   9.12e+12
      yr1994 |        861    1.01e+11    6.20e+11  -3.18e+10   1.03e+13
      yr1995 |        897    1.59e+11    9.05e+11  -9.83e+10   1.14e+13
      yr1996 |        915    1.78e+11    1.02e+12  -1.03e+11   1.26e+13
      yr1997 |        906    1.99e+11    1.13e+12  -9.12e+10   1.37e+13
-------------+---------------------------------------------------------
      yr1998 |        878    2.21e+11    1.25e+12  -1.38e+11   1.48e+13
      yr1999 |        879    2.39e+11    1.36e+12  -1.20e+11   1.59e+13
      yr2000 |        992    2.34e+11    1.41e+12  -1.21e+11   1.73e+13
      yr2001 |        918    2.80e+11    1.62e+12  -1.59e+11   1.87e+13
      yr2002 |        960    2.98e+11    1.76e+12  -1.24e+11   2.05e+13
-------------+---------------------------------------------------------
      yr2003 |        938    3.49e+11    2.02e+12  -8.93e+10   2.25e+13
      yr2004 |        913    4.28e+11    2.33e+12  -9.02e+10   2.48e+13
      yr2005 |        988    4.57e+11    2.55e+12  -4.05e+11   2.83e+13
      yr2006 |        984    5.37e+11    2.95e+12  -1.77e+11   3.46e+13
      yr2007 |      1,018    6.33e+11    3.44e+12  -1.48e+11   4.03e+13
-------------+---------------------------------------------------------
      yr2008 |      1,018    7.22e+11    3.94e+12  -1.15e+11   4.75e+13
      yr2009 |      1,010    8.15e+11    4.55e+12  -8.72e+10   6.10e+13
      yr2010 |      1,099    8.81e+11    5.06e+12  -1.86e+11   7.26e+13
      yr2011 |      1,024    1.08e+12    6.04e+12  -4.55e+11   8.52e+13
      yr2012 |      1,023    1.19e+12    6.73e+12  -1.76e+11   9.74e+13
-------------+---------------------------------------------------------
      yr2013 |      1,042    1.29e+12    7.40e+12  -7.01e+11   1.11e+14
      yr2014 |      1,061    1.39e+12    8.06e+12  -3.04e+11   1.23e+14
      yr2015 |      1,035    1.56e+12    9.13e+12  -8.40e+11   1.39e+14
      yr2016 |        918    1.81e+12    1.06e+13  -4.44e+11   1.60e+14
      yr2017 |        662    2.68e+12    1.36e+13  -2.22e+11   1.78e+14
