. wbopendata, language(en - English) indicator(ag.agr.trac.no - Agricultural machiner
&gt; y, tractors) long clear



Metadata: ag.agr.trac.no

-------------------------------------------------------------------------------------
    
    Name: Agricultural machinery, tractors
 
  -----------------------------------------------------------------------------------
    
    Source: World Development Indicators
 
 ------------------------------------------------------------------------------------
    
    Source Note: Agricultural machinery refers to the number of wheel and crawler
    tractors (excluding garden tractors) in use in agriculture at the end of the
    calendar year specified or during the first quarter of the following year.
 
 ------------------------------------------------------------------------------------
    
    Source Organization: Food and Agriculture Organization, electronic files and
    web site.
 
 ------------------------------------------------------------------------------------
    
      
    Topics: Agriculture &amp; Rural Development
 
 ------------------------------------------------------------------------------------



. sum

    Variable |        Obs        Mean    Std. Dev.       Min        Max
-------------+---------------------------------------------------------
 countryname |          0
 countrycode |          0
    iso2code |          0
      region |          0
  regioncode |          0
-------------+---------------------------------------------------------
        year |     15,312      1988.5    16.74122       1960       2017
ag_agr_tra~o |      7,783    746185.7     2505168          1   2.51e+07
