. wbopendata, country(ago;bdi;chi;dnk;esp) indicator(sp.pop.0610.fe.un) ///
&gt;                         year(2000:2010) clear  long



Metadata: sp.pop.0610.fe.un

--------------------------------------------------------------------------------
    
    Name: Population, ages 6-10, female
 
  ------------------------------------------------------------------------------
    
    Source: Education Statistics
 
 -------------------------------------------------------------------------------
    
    Source Note: Population, ages 6-10, female is the total number of females
    age 6-10.
 
 -------------------------------------------------------------------------------
    
    Source Organization: UNESCO Institute for Statistics (Derived)
 
 -------------------------------------------------------------------------------
    
      
    Topics: Education
 
 -------------------------------------------------------------------------------



. tab  year countryname 

           |                      Country Name
      Year |    Angola    Burundi  Channel..    Denmark      Spain |     Total
-----------+-------------------------------------------------------+----------
      2000 |         1          1          1          1          1 |         5 
      2001 |         1          1          1          1          1 |         5 
      2002 |         1          1          1          1          1 |         5 
      2003 |         1          1          1          1          1 |         5 
      2004 |         1          1          1          1          1 |         5 
      2005 |         1          1          1          1          1 |         5 
      2006 |         1          1          1          1          1 |         5 
      2007 |         1          1          1          1          1 |         5 
      2008 |         1          1          1          1          1 |         5 
      2009 |         1          1          1          1          1 |         5 
      2010 |         1          1          1          1          1 |         5 
-----------+-------------------------------------------------------+----------
     Total |        11         11         11         11         11 |        55 

. tab  year countryname if sp_pop_0610_fe_un != .

           |                Country Name
      Year |    Angola    Burundi    Denmark      Spain |     Total
-----------+--------------------------------------------+----------
      2000 |         1          1          1          1 |         4 
      2001 |         1          1          1          1 |         4 
      2002 |         1          1          1          1 |         4 
      2003 |         1          1          1          1 |         4 
      2004 |         1          1          1          1 |         4 
      2005 |         1          1          1          1 |         4 
      2006 |         1          1          1          1 |         4 
      2007 |         1          1          1          1 |         4 
      2008 |         1          1          1          1 |         4 
      2009 |         1          1          1          1 |         4 
      2010 |         1          1          1          1 |         4 
-----------+--------------------------------------------+----------
     Total |        11         11         11         11 |        44 
